<?xml version="1.0" encoding="UTF-8"?>
<testsuite xmlns:xsi="http://www.w3.org/2001/XMLSchema-instance" xsi:noNamespaceSchemaLocation="https://maven.apache.org/surefire/maven-surefire-plugin/xsd/surefire-test-report.xsd" name="edu.gdpu.punch.PunchApplicationTests" time="4.469" tests="3" errors="0" skipped="0" failures="0">
  <properties>
[...]
</properties>
  <testcase name="testFind" classname="edu.gdpu.punch.PunchApplicationTests" time="0.978"/>
  <testcase name="testSave" classname="edu.gdpu.punch.PunchApplicationTests" time="0.039"/>
  <testcase name="contextLoads" classname="edu.gdpu.punch.PunchApplicationTests" time="0.002"/>
</testsuite>